Determining if the pthread_create exist failed with the following output:
Change Dir: /home/junbo/CPPTest/GeoLocalization/build/CMakeFiles/CMakeTmp

Run Build Command:"/usr/bin/make" "cmTC_02813/fast"
make[1]: Entering directory '/home/junbo/CPPTest/GeoLocalization/build/CMakeFiles/CMakeTmp'
/usr/bin/make -f CMakeFiles/cmTC_02813.dir/build.make CMakeFiles/cmTC_02813.dir/build
make[2]: Entering directory '/home/junbo/CPPTest/GeoLocalization/build/CMakeFiles/CMakeTmp'
Building C object CMakeFiles/cmTC_02813.dir/CheckSymbolExists.c.o
/usr/bin/cc     -o CMakeFiles/cmTC_02813.dir/CheckSymbolExists.c.o   -c /home/junbo/CPPTest/GeoLocalization/build/CMakeFiles/CMakeTmp/CheckSymbolExists.c
Linking C executable cmTC_02813
/usr/bin/cmake -E cmake_link_script CMakeFiles/cmTC_02813.dir/link.txt --verbose=1
/usr/bin/cc       CMakeFiles/cmTC_02813.dir/CheckSymbolExists.c.o  -o cmTC_02813 -rdynamic 
CMakeFiles/cmTC_02813.dir/CheckSymbolExists.c.o: In function `main':
CheckSymbolExists.c:(.text+0x16): undefined reference to `pthread_create'
collect2: error: ld returned 1 exit status
CMakeFiles/cmTC_02813.dir/build.make:97: recipe for target 'cmTC_02813' failed
make[2]: *** [cmTC_02813] Error 1
make[2]: Leaving directory '/home/junbo/CPPTest/GeoLocalization/build/CMakeFiles/CMakeTmp'
Makefile:126: recipe for target 'cmTC_02813/fast' failed
make[1]: *** [cmTC_02813/fast] Error 2
make[1]: Leaving directory '/home/junbo/CPPTest/GeoLocalization/build/CMakeFiles/CMakeTmp'

File /home/junbo/CPPTest/GeoLocalization/build/CMakeFiles/CMakeTmp/CheckSymbolExists.c:
/* */
#include <pthread.h>

int main(int argc, char** argv)
{
  (void)argv;
#ifndef pthread_create
  return ((int*)(&pthread_create))[argc];
#else
  (void)argc;
  return 0;
#endif
}

Determining if the function pthread_create exists in the pthreads failed with the following output:
Change Dir: /home/junbo/CPPTest/GeoLocalization/build/CMakeFiles/CMakeTmp

Run Build Command:"/usr/bin/make" "cmTC_528d7/fast"
make[1]: Entering directory '/home/junbo/CPPTest/GeoLocalization/build/CMakeFiles/CMakeTmp'
/usr/bin/make -f CMakeFiles/cmTC_528d7.dir/build.make CMakeFiles/cmTC_528d7.dir/build
make[2]: Entering directory '/home/junbo/CPPTest/GeoLocalization/build/CMakeFiles/CMakeTmp'
Building C object CMakeFiles/cmTC_528d7.dir/CheckFunctionExists.c.o
/usr/bin/cc    -DCHECK_FUNCTION_EXISTS=pthread_create   -o CMakeFiles/cmTC_528d7.dir/CheckFunctionExists.c.o   -c /usr/share/cmake-3.5/Modules/CheckFunctionExists.c
Linking C executable cmTC_528d7
/usr/bin/cmake -E cmake_link_script CMakeFiles/cmTC_528d7.dir/link.txt --verbose=1
/usr/bin/cc   -DCHECK_FUNCTION_EXISTS=pthread_create    CMakeFiles/cmTC_528d7.dir/CheckFunctionExists.c.o  -o cmTC_528d7 -rdynamic -lpthreads 
/usr/bin/ld: cannot find -lpthreads
collect2: error: ld returned 1 exit status
CMakeFiles/cmTC_528d7.dir/build.make:97: recipe for target 'cmTC_528d7' failed
make[2]: *** [cmTC_528d7] Error 1
make[2]: Leaving directory '/home/junbo/CPPTest/GeoLocalization/build/CMakeFiles/CMakeTmp'
Makefile:126: recipe for target 'cmTC_528d7/fast' failed
make[1]: *** [cmTC_528d7/fast] Error 2
make[1]: Leaving directory '/home/junbo/CPPTest/GeoLocalization/build/CMakeFiles/CMakeTmp'


